	Command being timed: "python iip/oxt2pose/main.py"
	User time (seconds): 48.27
	System time (seconds): 1.72
	Percent of CPU this job got: 43%
	Elapsed (wall clock) time (h:mm:ss or m:ss): 1:55.14
	Average shared text size (kbytes): 0
	Average unshared data size (kbytes): 0
	Average stack size (kbytes): 0
	Average total size (kbytes): 0
	Maximum resident set size (kbytes): 635264
	Average resident set size (kbytes): 0
	Major (requiring I/O) page faults: 122
	Minor (reclaiming a frame) page faults: 162901
	Voluntary context switches: 1245
	Involuntary context switches: 64652
	Swaps: 0
	File system inputs: 432288
	File system outputs: 664024
	Socket messages sent: 0
	Socket messages received: 0
	Signals delivered: 0
	Page size (bytes): 4096
	Exit status: 0
