	Command being timed: "./pc_encoder"
	User time (seconds): 255.21
	System time (seconds): 80.29
	Percent of CPU this job got: 63%
	Elapsed (wall clock) time (h:mm:ss or m:ss): 8:45.44
	Average shared text size (kbytes): 0
	Average unshared data size (kbytes): 0
	Average stack size (kbytes): 0
	Average total size (kbytes): 0
	Maximum resident set size (kbytes): 34552
	Average resident set size (kbytes): 0
	Major (requiring I/O) page faults: 2
	Minor (reclaiming a frame) page faults: 99964
	Voluntary context switches: 741
	Involuntary context switches: 4798419
	Swaps: 0
	File system inputs: 298328
	File system outputs: 803216
	Socket messages sent: 0
	Socket messages received: 0
	Signals delivered: 0
	Page size (bytes): 4096
	Exit status: 0
