	Command being timed: "python icp/global.py -n 38"
	User time (seconds): 10017.33
	System time (seconds): 2234.17
	Percent of CPU this job got: 384%
	Elapsed (wall clock) time (h:mm:ss or m:ss): 53:10.28
	Average shared text size (kbytes): 0
	Average unshared data size (kbytes): 0
	Average stack size (kbytes): 0
	Average total size (kbytes): 0
	Maximum resident set size (kbytes): 561152
	Average resident set size (kbytes): 0
	Major (requiring I/O) page faults: 0
	Minor (reclaiming a frame) page faults: 2737919
	Voluntary context switches: 11660
	Involuntary context switches: 3218686
	Swaps: 0
	File system inputs: 3792
	File system outputs: 77584
	Socket messages sent: 0
	Socket messages received: 0
	Signals delivered: 0
	Page size (bytes): 4096
	Exit status: 0
