	Command being timed: "python icp/global.py -n 14"
	User time (seconds): 1257.36
	System time (seconds): 270.86
	Percent of CPU this job got: 363%
	Elapsed (wall clock) time (h:mm:ss or m:ss): 6:59.99
	Average shared text size (kbytes): 0
	Average unshared data size (kbytes): 0
	Average stack size (kbytes): 0
	Average total size (kbytes): 0
	Maximum resident set size (kbytes): 251392
	Average resident set size (kbytes): 0
	Major (requiring I/O) page faults: 0
	Minor (reclaiming a frame) page faults: 477487
	Voluntary context switches: 2330
	Involuntary context switches: 765478
	Swaps: 0
	File system inputs: 0
	File system outputs: 38056
	Socket messages sent: 0
	Socket messages received: 0
	Signals delivered: 0
	Page size (bytes): 4096
	Exit status: 0
