	Command being timed: "python icp/global.py -n 40"
	User time (seconds): 11043.23
	System time (seconds): 2468.34
	Percent of CPU this job got: 383%
	Elapsed (wall clock) time (h:mm:ss or m:ss): 58:43.39
	Average shared text size (kbytes): 0
	Average unshared data size (kbytes): 0
	Average stack size (kbytes): 0
	Average total size (kbytes): 0
	Maximum resident set size (kbytes): 560164
	Average resident set size (kbytes): 0
	Major (requiring I/O) page faults: 39
	Minor (reclaiming a frame) page faults: 3509254
	Voluntary context switches: 13274
	Involuntary context switches: 3503767
	Swaps: 0
	File system inputs: 17680
	File system outputs: 80928
	Socket messages sent: 0
	Socket messages received: 0
	Signals delivered: 0
	Page size (bytes): 4096
	Exit status: 0
