	Command being timed: "python icp/global.py -n 24"
	User time (seconds): 3949.71
	System time (seconds): 878.81
	Percent of CPU this job got: 370%
	Elapsed (wall clock) time (h:mm:ss or m:ss): 21:44.04
	Average shared text size (kbytes): 0
	Average unshared data size (kbytes): 0
	Average stack size (kbytes): 0
	Average total size (kbytes): 0
	Maximum resident set size (kbytes): 358516
	Average resident set size (kbytes): 0
	Major (requiring I/O) page faults: 1
	Minor (reclaiming a frame) page faults: 1322957
	Voluntary context switches: 7099
	Involuntary context switches: 1518595
	Swaps: 0
	File system inputs: 3808
	File system outputs: 53912
	Socket messages sent: 0
	Socket messages received: 0
	Signals delivered: 0
	Page size (bytes): 4096
	Exit status: 0
