	Command being timed: "python icp/global.py -n 13"
	User time (seconds): 1135.53
	System time (seconds): 229.51
	Percent of CPU this job got: 334%
	Elapsed (wall clock) time (h:mm:ss or m:ss): 6:47.50
	Average shared text size (kbytes): 0
	Average unshared data size (kbytes): 0
	Average stack size (kbytes): 0
	Average total size (kbytes): 0
	Maximum resident set size (kbytes): 237576
	Average resident set size (kbytes): 0
	Major (requiring I/O) page faults: 0
	Minor (reclaiming a frame) page faults: 416700
	Voluntary context switches: 3582
	Involuntary context switches: 821286
	Swaps: 0
	File system inputs: 0
	File system outputs: 36520
	Socket messages sent: 0
	Socket messages received: 0
	Signals delivered: 0
	Page size (bytes): 4096
	Exit status: 0
