	Command being timed: "python icp/global.py -n 39"
	User time (seconds): 10642.33
	System time (seconds): 2392.03
	Percent of CPU this job got: 375%
	Elapsed (wall clock) time (h:mm:ss or m:ss): 57:50.23
	Average shared text size (kbytes): 0
	Average unshared data size (kbytes): 0
	Average stack size (kbytes): 0
	Average total size (kbytes): 0
	Maximum resident set size (kbytes): 572508
	Average resident set size (kbytes): 0
	Major (requiring I/O) page faults: 3
	Minor (reclaiming a frame) page faults: 2990593
	Voluntary context switches: 16179
	Involuntary context switches: 3479648
	Swaps: 0
	File system inputs: 89512
	File system outputs: 79272
	Socket messages sent: 0
	Socket messages received: 0
	Signals delivered: 0
	Page size (bytes): 4096
	Exit status: 0
