	Command being timed: "python icp/global.py -n 4"
	User time (seconds): 64.06
	System time (seconds): 12.58
	Percent of CPU this job got: 302%
	Elapsed (wall clock) time (h:mm:ss or m:ss): 0:25.36
	Average shared text size (kbytes): 0
	Average unshared data size (kbytes): 0
	Average stack size (kbytes): 0
	Average total size (kbytes): 0
	Maximum resident set size (kbytes): 114424
	Average resident set size (kbytes): 0
	Major (requiring I/O) page faults: 0
	Minor (reclaiming a frame) page faults: 31358
	Voluntary context switches: 274
	Involuntary context switches: 47989
	Swaps: 0
	File system inputs: 0
	File system outputs: 16568
	Socket messages sent: 0
	Socket messages received: 0
	Signals delivered: 0
	Page size (bytes): 4096
	Exit status: 0
