	Command being timed: "python icp/global.py -n 7"
	User time (seconds): 263.69
	System time (seconds): 54.64
	Percent of CPU this job got: 342%
	Elapsed (wall clock) time (h:mm:ss or m:ss): 1:32.96
	Average shared text size (kbytes): 0
	Average unshared data size (kbytes): 0
	Average stack size (kbytes): 0
	Average total size (kbytes): 0
	Maximum resident set size (kbytes): 155936
	Average resident set size (kbytes): 0
	Major (requiring I/O) page faults: 0
	Minor (reclaiming a frame) page faults: 46969
	Voluntary context switches: 605
	Involuntary context switches: 267349
	Swaps: 0
	File system inputs: 0
	File system outputs: 24088
	Socket messages sent: 0
	Socket messages received: 0
	Signals delivered: 0
	Page size (bytes): 4096
	Exit status: 0
