	Command being timed: "python icp/global.py -n 12"
	User time (seconds): 910.35
	System time (seconds): 188.02
	Percent of CPU this job got: 356%
	Elapsed (wall clock) time (h:mm:ss or m:ss): 5:07.93
	Average shared text size (kbytes): 0
	Average unshared data size (kbytes): 0
	Average stack size (kbytes): 0
	Average total size (kbytes): 0
	Maximum resident set size (kbytes): 223832
	Average resident set size (kbytes): 0
	Major (requiring I/O) page faults: 0
	Minor (reclaiming a frame) page faults: 363259
	Voluntary context switches: 1519
	Involuntary context switches: 761669
	Swaps: 0
	File system inputs: 0
	File system outputs: 34536
	Socket messages sent: 0
	Socket messages received: 0
	Signals delivered: 0
	Page size (bytes): 4096
	Exit status: 0
