	Command being timed: "python icp/global.py -n 30"
	User time (seconds): 6122.89
	System time (seconds): 1436.36
	Percent of CPU this job got: 382%
	Elapsed (wall clock) time (h:mm:ss or m:ss): 32:56.17
	Average shared text size (kbytes): 0
	Average unshared data size (kbytes): 0
	Average stack size (kbytes): 0
	Average total size (kbytes): 0
	Maximum resident set size (kbytes): 446100
	Average resident set size (kbytes): 0
	Major (requiring I/O) page faults: 0
	Minor (reclaiming a frame) page faults: 2036734
	Voluntary context switches: 7539
	Involuntary context switches: 1987906
	Swaps: 0
	File system inputs: 3792
	File system outputs: 64328
	Socket messages sent: 0
	Socket messages received: 0
	Signals delivered: 0
	Page size (bytes): 4096
	Exit status: 0
