	Command being timed: "python icp/global.py -n 20"
	User time (seconds): 2708.76
	System time (seconds): 561.98
	Percent of CPU this job got: 361%
	Elapsed (wall clock) time (h:mm:ss or m:ss): 15:04.91
	Average shared text size (kbytes): 0
	Average unshared data size (kbytes): 0
	Average stack size (kbytes): 0
	Average total size (kbytes): 0
	Maximum resident set size (kbytes): 311340
	Average resident set size (kbytes): 0
	Major (requiring I/O) page faults: 2
	Minor (reclaiming a frame) page faults: 931117
	Voluntary context switches: 5964
	Involuntary context switches: 1035583
	Swaps: 0
	File system inputs: 11288
	File system outputs: 47768
	Socket messages sent: 0
	Socket messages received: 0
	Signals delivered: 0
	Page size (bytes): 4096
	Exit status: 0
