	Command being timed: "python icp/global.py -n 41"
	User time (seconds): 11821.64
	System time (seconds): 2520.90
	Percent of CPU this job got: 381%
	Elapsed (wall clock) time (h:mm:ss or m:ss): 1:02:42
	Average shared text size (kbytes): 0
	Average unshared data size (kbytes): 0
	Average stack size (kbytes): 0
	Average total size (kbytes): 0
	Maximum resident set size (kbytes): 562752
	Average resident set size (kbytes): 0
	Major (requiring I/O) page faults: 3
	Minor (reclaiming a frame) page faults: 3323314
	Voluntary context switches: 15091
	Involuntary context switches: 3491190
	Swaps: 0
	File system inputs: 7752
	File system outputs: 82680
	Socket messages sent: 0
	Socket messages received: 0
	Signals delivered: 0
	Page size (bytes): 4096
	Exit status: 0
