	Command being timed: "python icp/global.py -n 27"
	User time (seconds): 4994.29
	System time (seconds): 1095.88
	Percent of CPU this job got: 376%
	Elapsed (wall clock) time (h:mm:ss or m:ss): 26:59.41
	Average shared text size (kbytes): 0
	Average unshared data size (kbytes): 0
	Average stack size (kbytes): 0
	Average total size (kbytes): 0
	Maximum resident set size (kbytes): 395872
	Average resident set size (kbytes): 0
	Major (requiring I/O) page faults: 45
	Minor (reclaiming a frame) page faults: 1656147
	Voluntary context switches: 7499
	Involuntary context switches: 1788479
	Swaps: 0
	File system inputs: 8848
	File system outputs: 58992
	Socket messages sent: 0
	Socket messages received: 0
	Signals delivered: 0
	Page size (bytes): 4096
	Exit status: 0
