	Command being timed: "python icp/global.py -n 34"
	User time (seconds): 7921.14
	System time (seconds): 1776.94
	Percent of CPU this job got: 383%
	Elapsed (wall clock) time (h:mm:ss or m:ss): 42:11.10
	Average shared text size (kbytes): 0
	Average unshared data size (kbytes): 0
	Average stack size (kbytes): 0
	Average total size (kbytes): 0
	Maximum resident set size (kbytes): 484508
	Average resident set size (kbytes): 0
	Major (requiring I/O) page faults: 0
	Minor (reclaiming a frame) page faults: 2596913
	Voluntary context switches: 9491
	Involuntary context switches: 2552437
	Swaps: 0
	File system inputs: 3792
	File system outputs: 70896
	Socket messages sent: 0
	Socket messages received: 0
	Signals delivered: 0
	Page size (bytes): 4096
	Exit status: 0
