	Command being timed: "python icp/global.py -n 35"
	User time (seconds): 8555.81
	System time (seconds): 1845.38
	Percent of CPU this job got: 376%
	Elapsed (wall clock) time (h:mm:ss or m:ss): 46:01.87
	Average shared text size (kbytes): 0
	Average unshared data size (kbytes): 0
	Average stack size (kbytes): 0
	Average total size (kbytes): 0
	Maximum resident set size (kbytes): 530716
	Average resident set size (kbytes): 0
	Major (requiring I/O) page faults: 0
	Minor (reclaiming a frame) page faults: 2529082
	Voluntary context switches: 12816
	Involuntary context switches: 2464688
	Swaps: 0
	File system inputs: 3792
	File system outputs: 72536
	Socket messages sent: 0
	Socket messages received: 0
	Signals delivered: 0
	Page size (bytes): 4096
	Exit status: 0
