	Command being timed: "python icp/global.py -n 9"
	User time (seconds): 490.52
	System time (seconds): 102.09
	Percent of CPU this job got: 345%
	Elapsed (wall clock) time (h:mm:ss or m:ss): 2:51.45
	Average shared text size (kbytes): 0
	Average unshared data size (kbytes): 0
	Average stack size (kbytes): 0
	Average total size (kbytes): 0
	Maximum resident set size (kbytes): 188736
	Average resident set size (kbytes): 0
	Major (requiring I/O) page faults: 0
	Minor (reclaiming a frame) page faults: 212849
	Voluntary context switches: 1002
	Involuntary context switches: 314631
	Swaps: 0
	File system inputs: 0
	File system outputs: 28808
	Socket messages sent: 0
	Socket messages received: 0
	Signals delivered: 0
	Page size (bytes): 4096
	Exit status: 0
