	Command being timed: "python icp/global.py -n 19"
	User time (seconds): 2555.40
	System time (seconds): 532.60
	Percent of CPU this job got: 330%
	Elapsed (wall clock) time (h:mm:ss or m:ss): 15:34.44
	Average shared text size (kbytes): 0
	Average unshared data size (kbytes): 0
	Average stack size (kbytes): 0
	Average total size (kbytes): 0
	Maximum resident set size (kbytes): 300344
	Average resident set size (kbytes): 0
	Major (requiring I/O) page faults: 66
	Minor (reclaiming a frame) page faults: 845072
	Voluntary context switches: 8734
	Involuntary context switches: 2096707
	Swaps: 0
	File system inputs: 67856
	File system outputs: 46016
	Socket messages sent: 0
	Socket messages received: 0
	Signals delivered: 0
	Page size (bytes): 4096
	Exit status: 0
