	Command being timed: "python icp/global.py -n 29"
	User time (seconds): 5718.57
	System time (seconds): 1310.93
	Percent of CPU this job got: 383%
	Elapsed (wall clock) time (h:mm:ss or m:ss): 30:35.28
	Average shared text size (kbytes): 0
	Average unshared data size (kbytes): 0
	Average stack size (kbytes): 0
	Average total size (kbytes): 0
	Maximum resident set size (kbytes): 433132
	Average resident set size (kbytes): 0
	Major (requiring I/O) page faults: 0
	Minor (reclaiming a frame) page faults: 1906598
	Voluntary context switches: 6887
	Involuntary context switches: 1840835
	Swaps: 0
	File system inputs: 3800
	File system outputs: 62480
	Socket messages sent: 0
	Socket messages received: 0
	Signals delivered: 0
	Page size (bytes): 4096
	Exit status: 0
