	Command being timed: "python icp/global.py -n 26"
	User time (seconds): 4625.66
	System time (seconds): 1008.16
	Percent of CPU this job got: 375%
	Elapsed (wall clock) time (h:mm:ss or m:ss): 24:58.84
	Average shared text size (kbytes): 0
	Average unshared data size (kbytes): 0
	Average stack size (kbytes): 0
	Average total size (kbytes): 0
	Maximum resident set size (kbytes): 383660
	Average resident set size (kbytes): 0
	Major (requiring I/O) page faults: 0
	Minor (reclaiming a frame) page faults: 1546786
	Voluntary context switches: 6763
	Involuntary context switches: 1456295
	Swaps: 0
	File system inputs: 3800
	File system outputs: 57224
	Socket messages sent: 0
	Socket messages received: 0
	Signals delivered: 0
	Page size (bytes): 4096
	Exit status: 0
