	Command being timed: "python icp/global.py -n 21"
	User time (seconds): 2963.31
	System time (seconds): 645.03
	Percent of CPU this job got: 373%
	Elapsed (wall clock) time (h:mm:ss or m:ss): 16:06.18
	Average shared text size (kbytes): 0
	Average unshared data size (kbytes): 0
	Average stack size (kbytes): 0
	Average total size (kbytes): 0
	Maximum resident set size (kbytes): 323576
	Average resident set size (kbytes): 0
	Major (requiring I/O) page faults: 0
	Minor (reclaiming a frame) page faults: 1021774
	Voluntary context switches: 4941
	Involuntary context switches: 1207509
	Swaps: 0
	File system inputs: 3816
	File system outputs: 49184
	Socket messages sent: 0
	Socket messages received: 0
	Signals delivered: 0
	Page size (bytes): 4096
	Exit status: 0
