	Command being timed: "python icp/global.py -n 15"
	User time (seconds): 1509.72
	System time (seconds): 318.43
	Percent of CPU this job got: 341%
	Elapsed (wall clock) time (h:mm:ss or m:ss): 8:55.00
	Average shared text size (kbytes): 0
	Average unshared data size (kbytes): 0
	Average stack size (kbytes): 0
	Average total size (kbytes): 0
	Maximum resident set size (kbytes): 270076
	Average resident set size (kbytes): 0
	Major (requiring I/O) page faults: 0
	Minor (reclaiming a frame) page faults: 544096
	Voluntary context switches: 4220
	Involuntary context switches: 861937
	Swaps: 0
	File system inputs: 0
	File system outputs: 39792
	Socket messages sent: 0
	Socket messages received: 0
	Signals delivered: 0
	Page size (bytes): 4096
	Exit status: 0
