	Command being timed: "python icp/global.py -n 16"
	User time (seconds): 1929.11
	System time (seconds): 352.01
	Percent of CPU this job got: 275%
	Elapsed (wall clock) time (h:mm:ss or m:ss): 13:48.79
	Average shared text size (kbytes): 0
	Average unshared data size (kbytes): 0
	Average stack size (kbytes): 0
	Average total size (kbytes): 0
	Maximum resident set size (kbytes): 270748
	Average resident set size (kbytes): 0
	Major (requiring I/O) page faults: 0
	Minor (reclaiming a frame) page faults: 610467
	Voluntary context switches: 10784
	Involuntary context switches: 1832625
	Swaps: 0
	File system inputs: 0
	File system outputs: 41432
	Socket messages sent: 0
	Socket messages received: 0
	Signals delivered: 0
	Page size (bytes): 4096
	Exit status: 0
