	Command being timed: "python icp/global.py -n 17"
	User time (seconds): 2119.02
	System time (seconds): 399.78
	Percent of CPU this job got: 295%
	Elapsed (wall clock) time (h:mm:ss or m:ss): 14:11.01
	Average shared text size (kbytes): 0
	Average unshared data size (kbytes): 0
	Average stack size (kbytes): 0
	Average total size (kbytes): 0
	Maximum resident set size (kbytes): 284516
	Average resident set size (kbytes): 0
	Major (requiring I/O) page faults: 0
	Minor (reclaiming a frame) page faults: 684043
	Voluntary context switches: 9626
	Involuntary context switches: 1488805
	Swaps: 0
	File system inputs: 0
	File system outputs: 42856
	Socket messages sent: 0
	Socket messages received: 0
	Signals delivered: 0
	Page size (bytes): 4096
	Exit status: 0
