	Command being timed: "python icp/global.py -n 10"
	User time (seconds): 614.97
	System time (seconds): 131.21
	Percent of CPU this job got: 347%
	Elapsed (wall clock) time (h:mm:ss or m:ss): 3:34.46
	Average shared text size (kbytes): 0
	Average unshared data size (kbytes): 0
	Average stack size (kbytes): 0
	Average total size (kbytes): 0
	Maximum resident set size (kbytes): 201124
	Average resident set size (kbytes): 0
	Major (requiring I/O) page faults: 0
	Minor (reclaiming a frame) page faults: 261894
	Voluntary context switches: 1228
	Involuntary context switches: 400001
	Swaps: 0
	File system inputs: 0
	File system outputs: 30776
	Socket messages sent: 0
	Socket messages received: 0
	Signals delivered: 0
	Page size (bytes): 4096
	Exit status: 0
