Command exited with non-zero status 1
	Command being timed: "python icp/global.py -n 42"
	User time (seconds): 11518.43
	System time (seconds): 2340.15
	Percent of CPU this job got: 340%
	Elapsed (wall clock) time (h:mm:ss or m:ss): 1:07:48
	Average shared text size (kbytes): 0
	Average unshared data size (kbytes): 0
	Average stack size (kbytes): 0
	Average total size (kbytes): 0
	Maximum resident set size (kbytes): 308560
	Average resident set size (kbytes): 0
	Major (requiring I/O) page faults: 51
	Minor (reclaiming a frame) page faults: 3185388
	Voluntary context switches: 33171
	Involuntary context switches: 5957557
	Swaps: 0
	File system inputs: 14520
	File system outputs: 10944
	Socket messages sent: 0
	Socket messages received: 0
	Signals delivered: 0
	Page size (bytes): 4096
	Exit status: 1
